Horizon started successfully.
Horizon started successfully.
Horizon started successfully.
[2022-06-06 17:38:19][0885b453-e34e-4772-a07c-fbe6b06c03a4] Processing: App\Jobs\DeleteTemporalImage
[2022-06-06 17:38:19][0885b453-e34e-4772-a07c-fbe6b06c03a4] Processing: App\Jobs\DeleteTemporalImage
[2022-06-06 17:38:19][0885b453-e34e-4772-a07c-fbe6b06c03a4] Processing: App\Jobs\DeleteTemporalImage
[2022-06-06 17:38:19][0885b453-e34e-4772-a07c-fbe6b06c03a4] Failed:     App\Jobs\DeleteTemporalImage
[2022-06-06 17:38:19][dbd5faaa-b53d-4a5f-b7bc-09290b04977f] Processing: App\Jobs\DeleteTemporalImage
[2022-06-06 17:38:19][dbd5faaa-b53d-4a5f-b7bc-09290b04977f] Processing: App\Jobs\DeleteTemporalImage
[2022-06-06 17:38:19][dbd5faaa-b53d-4a5f-b7bc-09290b04977f] Processing: App\Jobs\DeleteTemporalImage
[2022-06-06 17:38:19][dbd5faaa-b53d-4a5f-b7bc-09290b04977f] Failed:     App\Jobs\DeleteTemporalImage
[2022-06-06 18:22:34][c8656cba-0769-4ecc-b21f-a13e64dfe7b2] Processing: App\Jobs\DeleteTemporalImage
[2022-06-06 18:22:34][c8656cba-0769-4ecc-b21f-a13e64dfe7b2] Processing: App\Jobs\DeleteTemporalImage
[2022-06-06 18:22:34][c8656cba-0769-4ecc-b21f-a13e64dfe7b2] Processing: App\Jobs\DeleteTemporalImage
[2022-06-06 18:22:34][c8656cba-0769-4ecc-b21f-a13e64dfe7b2] Failed:     App\Jobs\DeleteTemporalImage
[2022-06-06 18:28:11][ec837df2-3091-44e3-ae88-08a72711ead2] Processing: App\Jobs\DeleteTemporalImage
[2022-06-06 18:28:11][ec837df2-3091-44e3-ae88-08a72711ead2] Processing: App\Jobs\DeleteTemporalImage
[2022-06-06 18:28:11][ec837df2-3091-44e3-ae88-08a72711ead2] Processing: App\Jobs\DeleteTemporalImage
[2022-06-06 18:28:11][ec837df2-3091-44e3-ae88-08a72711ead2] Failed:     App\Jobs\DeleteTemporalImage
[2022-06-06 18:28:32][3c3bb26a-e7f6-46e8-9354-390dd1669af0] Processing: App\Jobs\DeleteTemporalImage
[2022-06-06 18:28:32][3c3bb26a-e7f6-46e8-9354-390dd1669af0] Processing: App\Jobs\DeleteTemporalImage
[2022-06-06 18:28:32][3c3bb26a-e7f6-46e8-9354-390dd1669af0] Processing: App\Jobs\DeleteTemporalImage
[2022-06-06 18:28:32][3c3bb26a-e7f6-46e8-9354-390dd1669af0] Failed:     App\Jobs\DeleteTemporalImage
Horizon started successfully.
Horizon started successfully.
[2022-06-08 18:36:36][c982bbbb-8aa9-42e1-9778-19f20067b735] Processing: App\Jobs\ProcessImage
[2022-06-08 18:36:36][31fd521f-0b6c-4b9c-b05e-763fed251aa2] Processing: App\Jobs\ProcessImage
[2022-06-08 18:36:36][c982bbbb-8aa9-42e1-9778-19f20067b735] Processing: App\Jobs\ProcessImage
[2022-06-08 18:36:36][76396bb5-adde-4c8b-9aa2-12277b32f624] Processing: App\Jobs\ProcessImage
[2022-06-08 18:36:36][31fd521f-0b6c-4b9c-b05e-763fed251aa2] Processing: App\Jobs\ProcessImage
[2022-06-08 18:36:36][31fd521f-0b6c-4b9c-b05e-763fed251aa2] Failed:     App\Jobs\ProcessImage
[2022-06-08 18:36:36][31fd521f-0b6c-4b9c-b05e-763fed251aa2] Processing: App\Jobs\ProcessImage
[2022-06-08 18:36:36][76396bb5-adde-4c8b-9aa2-12277b32f624] Processing: App\Jobs\ProcessImage
[2022-06-08 18:36:36][4b51e7b4-9b55-4698-a6bd-a2c723cb4e46] Processing: App\Jobs\DeleteTemporalImage
[2022-06-08 18:36:36][4b51e7b4-9b55-4698-a6bd-a2c723cb4e46] Processed:  App\Jobs\DeleteTemporalImage
[2022-06-08 18:36:36][c982bbbb-8aa9-42e1-9778-19f20067b735] Processing: App\Jobs\ProcessImage
[2022-06-08 18:36:36][c982bbbb-8aa9-42e1-9778-19f20067b735] Failed:     App\Jobs\ProcessImage
[2022-06-08 18:36:36][76396bb5-adde-4c8b-9aa2-12277b32f624] Processing: App\Jobs\ProcessImage
[2022-06-08 18:36:36][76396bb5-adde-4c8b-9aa2-12277b32f624] Failed:     App\Jobs\ProcessImage
[2022-06-08 18:47:17][dfefffef-0936-44d7-8048-b3364e5e12eb] Processing: App\Jobs\ProcessImage
[2022-06-08 18:47:17][e4753c12-e335-4687-8eab-3029142e3fa5] Processing: App\Jobs\DeleteTemporalImage
[2022-06-08 18:47:17][e4753c12-e335-4687-8eab-3029142e3fa5] Processed:  App\Jobs\DeleteTemporalImage
[2022-06-08 18:47:17][e024afd0-b251-48f6-8e46-24a4c96c86e5] Processing: App\Jobs\ProcessImage
[2022-06-08 18:47:17][e024afd0-b251-48f6-8e46-24a4c96c86e5] Failed:     App\Jobs\ProcessImage
[2022-06-08 18:47:17][e024afd0-b251-48f6-8e46-24a4c96c86e5] Processing: App\Jobs\ProcessImage
[2022-06-08 18:47:17][57f3210d-d7a1-4850-bb61-f22c94607910] Processing: App\Jobs\ProcessImage
[2022-06-08 18:47:17][dfefffef-0936-44d7-8048-b3364e5e12eb] Processing: App\Jobs\ProcessImage
[2022-06-08 18:47:17][e024afd0-b251-48f6-8e46-24a4c96c86e5] Processing: App\Jobs\ProcessImage
[2022-06-08 18:47:17][57f3210d-d7a1-4850-bb61-f22c94607910] Processing: App\Jobs\ProcessImage
[2022-06-08 18:47:17][dfefffef-0936-44d7-8048-b3364e5e12eb] Processing: App\Jobs\ProcessImage
[2022-06-08 18:47:17][dfefffef-0936-44d7-8048-b3364e5e12eb] Failed:     App\Jobs\ProcessImage
[2022-06-08 18:47:17][57f3210d-d7a1-4850-bb61-f22c94607910] Processing: App\Jobs\ProcessImage
[2022-06-08 18:47:17][57f3210d-d7a1-4850-bb61-f22c94607910] Failed:     App\Jobs\ProcessImage
[2022-06-08 18:51:05][d3b9cf01-97dd-4b87-8dad-d2af4efa6900] Processing: App\Jobs\ProcessImage
[2022-06-08 18:51:05][d3b9cf01-97dd-4b87-8dad-d2af4efa6900] Processed:  App\Jobs\ProcessImage
[2022-06-08 18:51:05][32f780af-0edc-4227-91a2-8fee4d6dec3a] Processing: App\Jobs\DeleteTemporalImage
[2022-06-08 18:51:05][32f780af-0edc-4227-91a2-8fee4d6dec3a] Processed:  App\Jobs\DeleteTemporalImage
[2022-06-08 18:51:05][eb7d1e74-ef1c-448f-9cc9-1afbe4484439] Processing: App\Jobs\ProcessImage
[2022-06-08 18:51:05][eb7d1e74-ef1c-448f-9cc9-1afbe4484439] Processed:  App\Jobs\ProcessImage
[2022-06-08 18:51:05][fae9825e-fe23-49fe-a0bf-b035b56f8150] Processing: App\Jobs\ProcessImage
[2022-06-08 18:51:06][fae9825e-fe23-49fe-a0bf-b035b56f8150] Processed:  App\Jobs\ProcessImage
